生成启动时间为 12/1/2014 2:51:52 PM。
     1>项目“C:\Users\Helen_Zhan\Documents\Visual Studio 2010\Projects\Bubble_sort\Bubblle_sort\Bubblle_sort.vcxproj”在节点 2 上(rebuild 个目标)。
     1>_PrepareForClean:
         正在删除文件“Debug\Bubblle_sort.lastbuildstate”。
       PrepareForBuild:
         正在创建目录“C:\Users\Helen_Zhan\Documents\Visual Studio 2010\Projects\Bubble_sort\Debug\”。
       InitializeBuildStatus:
         正在创建“Debug\Bubblle_sort.unsuccessfulbuild”，因为已指定“AlwaysCreate”。
       ClCompile:
         C:\Program Files\Microsoft Visual Studio 10.0\VC\bin\CL.exe /c /ZI /nologo /W3 /WX- /Od /Oy- /D _MBCS /Gm /EHsc /RTC1 /MDd /GS /fp:precise /Zc:wchar_t /Zc:forScope /Fo"Debug\\" /Fd"Debug\vc100.pdb" /Gd /TP /analyze- /errorReport:prompt bubble_sort.cpp
         bubble_sort.cpp
       Link:
         C:\Program Files\Microsoft Visual Studio 10.0\VC\bin\link.exe /ERRORREPORT:PROMPT /OUT:"C:\Users\Helen_Zhan\Documents\Visual Studio 2010\Projects\Bubble_sort\Debug\Bubblle_sort.exe" /NOLOGO kernel32.lib user32.lib gdi32.lib winspool.lib comdlg32.lib advapi32.lib shell32.lib ole32.lib oleaut32.lib uuid.lib odbc32.lib odbccp32.lib /MANIFEST /ManifestFile:"Debug\Bubblle_sort.exe.intermediate.manifest" /MANIFESTUAC:"level='asInvoker' uiAccess='false'" /DEBUG /PDB:"C:\Users\Helen_Zhan\Documents\Visual Studio 2010\Projects\Bubble_sort\Debug\Bubblle_sort.pdb" /TLBID:1 /DYNAMICBASE /NXCOMPAT /IMPLIB:"C:\Users\Helen_Zhan\Documents\Visual Studio 2010\Projects\Bubble_sort\Debug\Bubblle_sort.lib" /MACHINE:X86 Debug\bubble_sort.obj
         Bubblle_sort.vcxproj -> C:\Users\Helen_Zhan\Documents\Visual Studio 2010\Projects\Bubble_sort\Debug\Bubblle_sort.exe
       Manifest:
         C:\Program Files\Microsoft SDKs\Windows\v7.0A\bin\mt.exe /nologo /verbose /outputresource:"C:\Users\Helen_Zhan\Documents\Visual Studio 2010\Projects\Bubble_sort\Debug\Bubblle_sort.exe;#1" /manifest Debug\Bubblle_sort.exe.intermediate.manifest
       FinalizeBuildStatus:
         正在删除文件“Debug\Bubblle_sort.unsuccessfulbuild”。
         正在对“Debug\Bubblle_sort.lastbuildstate”执行 Touch 任务。
     1>已完成生成项目“C:\Users\Helen_Zhan\Documents\Visual Studio 2010\Projects\Bubble_sort\Bubblle_sort\Bubblle_sort.vcxproj”(rebuild 个目标)的操作。

生成成功。

已用时间 00:00:04.11
