C:\Users\Helen_Zhan\Documents\Visual Studio 2010\Projects\Bubble_sort\Bubblle_sort\Debug\bubble_sort.obj
C:\Users\Helen_Zhan\Documents\Visual Studio 2010\Projects\Bubble_sort\Bubblle_sort\Debug\Bubblle_sort.exe.intermediate.manifest
C:\Users\Helen_Zhan\Documents\Visual Studio 2010\Projects\Bubble_sort\Bubblle_sort\Debug\Bubblle_sort.write.1.tlog
C:\Users\Helen_Zhan\Documents\Visual Studio 2010\Projects\Bubble_sort\Bubblle_sort\Debug\cl.command.1.tlog
C:\Users\Helen_Zhan\Documents\Visual Studio 2010\Projects\Bubble_sort\Bubblle_sort\Debug\CL.read.1.tlog
C:\Users\Helen_Zhan\Documents\Visual Studio 2010\Projects\Bubble_sort\Bubblle_sort\Debug\CL.write.1.tlog
C:\Users\Helen_Zhan\Documents\Visual Studio 2010\Projects\Bubble_sort\Bubblle_sort\Debug\link.command.1.tlog
C:\Users\Helen_Zhan\Documents\Visual Studio 2010\Projects\Bubble_sort\Bubblle_sort\Debug\link.read.1.tlog
C:\Users\Helen_Zhan\Documents\Visual Studio 2010\Projects\Bubble_sort\Bubblle_sort\Debug\link.write.1.tlog
C:\Users\Helen_Zhan\Documents\Visual Studio 2010\Projects\Bubble_sort\Bubblle_sort\Debug\mt.command.1.tlog
C:\Users\Helen_Zhan\Documents\Visual Studio 2010\Projects\Bubble_sort\Bubblle_sort\Debug\mt.read.1.tlog
C:\Users\Helen_Zhan\Documents\Visual Studio 2010\Projects\Bubble_sort\Bubblle_sort\Debug\mt.write.1.tlog
C:\Users\Helen_Zhan\Documents\Visual Studio 2010\Projects\Bubble_sort\Bubblle_sort\Debug\vc100.idb
C:\Users\Helen_Zhan\Documents\Visual Studio 2010\Projects\Bubble_sort\Bubblle_sort\Debug\vc100.pdb
C:\USERS\HELEN_ZHAN\DOCUMENTS\VISUAL STUDIO 2010\PROJECTS\BUBBLLE_SORT\BUBBLLE_SORT\DEBUG\BUBBLE_SORT.OBJ
C:\USERS\HELEN_ZHAN\DOCUMENTS\VISUAL STUDIO 2010\PROJECTS\BUBBLLE_SORT\BUBBLLE_SORT\DEBUG\BUBBLLE_SORT.EXE.INTERMEDIATE.MANIFEST
C:\USERS\HELEN_ZHAN\DOCUMENTS\VISUAL STUDIO 2010\PROJECTS\BUBBLLE_SORT\BUBBLLE_SORT\DEBUG\VC100.PDB
C:\USERS\HELEN_ZHAN\DOCUMENTS\VISUAL STUDIO 2010\PROJECTS\BUBBLLE_SORT\DEBUG\BUBBLLE_SORT.EXE
C:\USERS\HELEN_ZHAN\DOCUMENTS\VISUAL STUDIO 2010\PROJECTS\BUBBLLE_SORT\DEBUG\BUBBLLE_SORT.ILK
C:\USERS\HELEN_ZHAN\DOCUMENTS\VISUAL STUDIO 2010\PROJECTS\BUBBLLE_SORT\DEBUG\BUBBLLE_SORT.PDB
